<?xml version="1.0" encoding="UTF-8"?>
<!-- Generated by org.testng.reporters.JUnitReportReporter -->
<testsuite hostname="mienpc" failures="0" tests="2" name="testRunners.TestCase" time="39.960" errors="0" timestamp="2023-04-13T13:11:30 ICT" skipped="0">
  <testcase classname="testRunners.TestCase" name="testValidateAddtoCartFunctionality" time="14.512"/>
  <system-out/>
  <testcase classname="testRunners.TestCase" name="testValidateSortFunctionality" time="25.448"/>
  <system-out/>
</testsuite> <!-- testRunners.TestCase -->
